[    0.000000] Initializing cgroup subsys cpuset
[    0.000000] Initializing cgroup subsys cpu
[    0.000000] Initializing cgroup subsys cpuacct
[    0.000000] Linux version 4.4.0-103-generic (buildd@lcy01-amd64-001) (gcc version 5.4.0 20160609 (Ubuntu 5.4.0-6ubuntu1~16.04.5) ) #126-Ubuntu SMP Mon Dec 4 16:23:28 UTC 2017 (Ubuntu 4.4.0-103.126-generic 4.4.98)
[    0.000000] Command line: BOOT_IMAGE=/boot/vmlinuz-4.4.0-103-generic root=LABEL=cloudimg-rootfs ro console=tty1 console=ttyS0
[    0.000000] KERNEL supported cpus:
[    0.000000]   Intel GenuineIntel
[    0.000000]   AMD AuthenticAMD
[    0.000000]   Centaur CentaurHauls
[    0.000000] x86/fpu: xstate_offset[2]:  576, xstate_sizes[2]:  256
[    0.000000] x86/fpu: Supporting XSAVE feature 0x01: 'x87 floating point registers'
[    0.000000] x86/fpu: Supporting XSAVE feature 0x02: 'SSE registers'
[    0.000000] x86/fpu: Supporting XSAVE feature 0x04: 'AVX registers'
[    0.000000] x86/fpu: Enabled xstate features 0x7, context size is 832 bytes, using 'standard' format.
[    0.000000] x86/fpu: Using 'lazy' FPU context switches.
[    0.000000] e820: BIOS-provided physical RAM map:
[    0.000000] BIOS-e820: [mem 0x0000000000000000-0x000000000009fbff] usable
[    0.000000] BIOS-e820: [mem 0x000000000009fc00-0x000000000009ffff] reserved
[    0.000000] BIOS-e820: [mem 0x00000000000f0000-0x00000000000fffff] reserved
[    0.000000] BIOS-e820: [mem 0x0000000000100000-0x000000003ffeffff] usable
[    0.000000] BIOS-e820: [mem 0x000000003fff0000-0x000000003fffffff] ACPI data
[    0.000000] BIOS-e820: [mem 0x00000000fec00000-0x00000000fec00fff] reserved
[    0.000000] BIOS-e820: [mem 0x00000000fee00000-0x00000000fee00fff] reserved
[    0.000000] BIOS-e820: [mem 0x00000000fffc0000-0x00000000ffffffff] reserved
[    0.000000] NX (Execute Disable) protection: active
[    0.000000] SMBIOS 2.5 present.
[    0.000000] Hypervisor detected: KVM
[    0.000000] e820: last_pfn = 0x3fff0 max_arch_pfn = 0x400000000
[    0.000000] MTRR: Disabled
[    0.000000] x86/PAT: MTRRs disabled, skipping PAT initialization too.
[    0.000000] CPU MTRRs all blank - virtualized system.
[    0.000000] x86/PAT: Configuration [0-7]: WB  WT  UC- UC  WB  WT  UC- UC  
[    0.000000] found SMP MP-table at [mem 0x0009fff0-0x0009ffff] mapped at [ffff88000009fff0]
[    0.000000] Scanning 1 areas for low memory corruption
[    0.000000] RAMDISK: [mem 0x36ade000-0x37566fff]
[    0.000000] ACPI: Early table checksum verification disabled
[    0.000000] ACPI: RSDP 0x00000000000E0000 000024 (v02 VBOX  )
[    0.000000] ACPI: XSDT 0x000000003FFF0030 00003C (v01 VBOX   VBOXXSDT 00000001 ASL  00000061)
[    0.000000] ACPI: FACP 0x000000003FFF00F0 0000F4 (v04 VBOX   VBOXFACP 00000001 ASL  00000061)
[    0.000000] ACPI: DSDT 0x000000003FFF0470 0021FF (v02 VBOX   VBOXBIOS 00000002 INTL 20100528)
[    0.000000] ACPI: FACS 0x000000003FFF0200 000040
[    0.000000] ACPI: FACS 0x000000003FFF0200 000040
[    0.000000] ACPI: APIC 0x000000003FFF0240 00005C (v02 VBOX   VBOXAPIC 00000001 ASL  00000061)
[    0.000000] ACPI: SSDT 0x000000003FFF02A0 0001CC (v01 VBOX   VBOXCPUT 00000002 INTL 20100528)
[    0.000000] No NUMA configuration found
[    0.000000] Faking a node at [mem 0x0000000000000000-0x000000003ffeffff]
[    0.000000] NODE_DATA(0) allocated [mem 0x3ffeb000-0x3ffeffff]
[    0.000000] kvm-clock: Using msrs 4b564d01 and 4b564d00
[    0.000000] kvm-clock: cpu 0, msr 0:3ffe3001, primary cpu clock
[    0.000000] kvm-clock: using sched offset of 24568500726 cycles
[    0.000000] clocksource: kvm-clock: mask: 0xffffffffffffffff max_cycles: 0x1cd42e4dffb, max_idle_ns: 881590591483 ns
[    0.000000] Zone ranges:
[    0.000000]   DMA      [mem 0x0000000000001000-0x0000000000ffffff]
[    0.000000]   DMA32    [mem 0x0000000001000000-0x000000003ffeffff]
[    0.000000]   Normal   empty
[    0.000000]   Device   empty
[    0.000000] Movable zone start for each node
[    0.000000] Early memory node ranges
[    0.000000]   node   0: [mem 0x0000000000001000-0x000000000009efff]
[    0.000000]   node   0: [mem 0x0000000000100000-0x000000003ffeffff]
[    0.000000] Initmem setup node 0 [mem 0x0000000000001000-0x000000003ffeffff]
[    0.000000] ACPI: PM-Timer IO Port: 0x4008
[    0.000000] IOAPIC[0]: apic_id 2, version 32, address 0xfec00000, GSI 0-23
[    0.000000] ACPI: INT_SRC_OVR (bus 0 bus_irq 0 global_irq 2 dfl dfl)
[    0.000000] ACPI: INT_SRC_OVR (bus 0 bus_irq 9 global_irq 9 high level)
[    0.000000] Using ACPI (MADT) for SMP configuration information
[    0.000000] smpboot: Allowing 2 CPUs, 0 hotplug CPUs
[    0.000000] PM: Registered nosave memory: [mem 0x00000000-0x00000fff]
[    0.000000] PM: Registered nosave memory: [mem 0x0009f000-0x0009ffff]
[    0.000000] PM: Registered nosave memory: [mem 0x000a0000-0x000effff]
[    0.000000] PM: Registered nosave memory: [mem 0x000f0000-0x000fffff]
[    0.000000] e820: [mem 0x40000000-0xfebfffff] available for PCI devices
[    0.000000] Booting paravirtualized kernel on KVM
[    0.000000] clocksource: refined-jiffies: mask: 0xffffffff max_cycles: 0xffffffff, max_idle_ns: 7645519600211568 ns
[    0.000000] setup_percpu: NR_CPUS:512 nr_cpumask_bits:512 nr_cpu_ids:2 nr_node_ids:1
[    0.000000] PERCPU: Embedded 33 pages/cpu @ffff88003fc00000 s98200 r8192 d28776 u1048576
[    0.000000] PV qspinlock hash table entries: 256 (order: 0, 4096 bytes)
[    0.000000] Built 1 zonelists in Node order, mobility grouping on.  Total pages: 257913
[    0.000000] Policy zone: DMA32
[    0.000000] Kernel command line: BOOT_IMAGE=/boot/vmlinuz-4.4.0-103-generic root=LABEL=cloudimg-rootfs ro console=tty1 console=ttyS0
[    0.000000] PID hash table entries: 4096 (order: 3, 32768 bytes)
[    0.000000] Memory: 1001784K/1048120K available (8485K kernel code, 1295K rwdata, 3988K rodata, 1492K init, 1316K bss, 46336K reserved, 0K cma-reserved)
[    0.000000] SLUB: HWalign=64, Order=0-3, MinObjects=0, CPUs=2, Nodes=1
[    0.000000] Hierarchical RCU implementation.
[    0.000000] 	Build-time adjustment of leaf fanout to 64.
[    0.000000] 	RCU restricting CPUs from NR_CPUS=512 to nr_cpu_ids=2.
[    0.000000] RCU: Adjusting geometry for rcu_fanout_leaf=64, nr_cpu_ids=2
[    0.000000] NR_IRQS:33024 nr_irqs:440 16
[    0.000000] Console: colour VGA+ 80x25
[    0.000000] console [tty1] enabled
[    0.000000] console [ttyS0] enabled
[    0.000000] tsc: Detected 3392.294 MHz processor
[    2.351948] Calibrating delay loop (skipped) preset value.. 6784.58 BogoMIPS (lpj=13569176)
[    2.353419] pid_max: default: 32768 minimum: 301
[    2.354197] ACPI: Core revision 20150930
[    2.355766] ACPI: 2 ACPI AML tables successfully acquired and loaded
[    2.356909] Security Framework initialized
[    2.357641] Yama: becoming mindful.
[    2.358283] AppArmor: AppArmor initialized
[    2.359044] Dentry cache hash table entries: 131072 (order: 8, 1048576 bytes)
[    2.370045] Inode-cache hash table entries: 65536 (order: 7, 524288 bytes)
[    2.371355] Mount-cache hash table entries: 2048 (order: 2, 16384 bytes)
[    2.373826] Mountpoint-cache hash table entries: 2048 (order: 2, 16384 bytes)
[    2.420881] Initializing cgroup subsys io
[    2.432454] Initializing cgroup subsys memory
[    2.443029] Initializing cgroup subsys devices
[    2.443773] Initializing cgroup subsys freezer
[    2.444542] Initializing cgroup subsys net_cls
[    2.445314] Initializing cgroup subsys perf_event
[    2.464443] Initializing cgroup subsys net_prio
[    2.465201] Initializing cgroup subsys hugetlb
[    2.484908] Initializing cgroup subsys pids
[    2.485707] CPU: Physical Processor ID: 0
[    2.502311] CPU: Processor Core ID: 0
[    2.503235] mce: CPU supports 0 MCE banks
[    2.503942] Last level iTLB entries: 4KB 512, 2MB 8, 4MB 8
[    2.504813] Last level dTLB entries: 4KB 512, 2MB 32, 4MB 32, 1GB 0
[    2.531476] Freeing SMP alternatives memory: 32K
[    2.628022] ftrace: allocating 32158 entries in 126 pages
[    2.737860] smpboot: APIC(0) Converting physical 0 to logical package 0
[    2.804247] smpboot: Max logical packages: 1
[    2.805234] x2apic enabled
[    2.805971] Switched APIC routing to physical x2apic.
[    2.807769] ..TIMER: vector=0x30 apic1=0 pin1=2 apic2=-1 pin2=-1
[    2.927950] smpboot: CPU0: Intel(R) Core(TM) i7-3770 CPU @ 3.40GHz (family: 0x6, model: 0x3a, stepping: 0x9)
[    2.973984] Performance Events: unsupported p6 CPU model 58 no PMU driver, software events only.
[    2.975553] KVM setup paravirtual spinlock
[    2.976905] x86: Booting SMP configuration:
[    2.977606] .... node  #0, CPUs:      #1
[    2.978371] kvm-clock: cpu 1, msr 0:3ffe3041, secondary cpu clock
[    2.993782] mce: CPU supports 0 MCE banks
[    2.999191] x86: Booted up 1 node, 2 CPUs
[    3.001333] smpboot: Total of 2 processors activated (13569.17 BogoMIPS)
[    3.068797] devtmpfs: initialized
[    3.073722] evm: security.selinux
[    3.076487] evm: security.SMACK64
[    3.077090] evm: security.SMACK64EXEC
[    3.077738] evm: security.SMACK64TRANSMUTE
[    3.080918] evm: security.SMACK64MMAP
[    3.081585] evm: security.ima
[    3.082190] evm: security.capability
[    3.110485] clocksource: jiffies: mask: 0xffffffff max_cycles: 0xffffffff, max_idle_ns: 7645041785100000 ns
[    3.206069] futex hash table entries: 512 (order: 3, 32768 bytes)
[    3.245002] pinctrl core: initialized pinctrl subsystem
[    3.335474] RTC time:  0:21:01, date: 12/15/17
[    3.440721] NET: Registered protocol family 16
[    3.452994] cpuidle: using governor ladder
[    3.524447] cpuidle: using governor menu
[    3.559453] PCCT header not found.
[    3.560150] ACPI: bus type PCI registered
[    3.560835] acpiphp: ACPI Hot Plug PCI Controller Driver version: 0.5
[    3.598232] PCI: Using configuration type 1 for base access
[    3.609709] ACPI: Added _OSI(Module Device)
[    3.696343] ACPI: Added _OSI(Processor Device)
[    3.716586] ACPI: Added _OSI(3.0 _SCP Extensions)
[    3.721577] ACPI: Added _OSI(Processor Aggregator Device)
[    3.753846] ACPI: Executed 1 blocks of module-level executable AML code
[    3.831430] ACPI: Interpreter enabled
[    3.886838] ACPI: (supports S0 S5)
[    3.957910] ACPI: Using IOAPIC for interrupt routing
[    3.958858] PCI: Using host bridge windows from ACPI; if necessary, use "pci=nocrs" and report a bug
[    4.107974] ACPI: PCI Root Bridge [PCI0] (domain 0000 [bus 00-ff])
[    4.136996] acpi PNP0A03:00: _OSC: OS supports [ASPM ClockPM Segments MSI]
[    4.184909] acpi PNP0A03:00: _OSC: not requesting OS control; OS requires [ExtendedConfig ASPM ClockPM MSI]
[    4.223943] acpi PNP0A03:00: fail to add MMCONFIG information, can't access extended PCI configuration space under this bridge.
[    4.235201] PCI host bridge to bus 0000:00
[    4.235906] pci_bus 0000:00: root bus resource [io  0x0000-0x0cf7 window]
[    4.237171] pci_bus 0000:00: root bus resource [io  0x0d00-0xffff window]
[    4.238183] pci_bus 0000:00: root bus resource [mem 0x000a0000-0x000bffff window]
[    4.239437] pci_bus 0000:00: root bus resource [mem 0x40000000-0xffdfffff window]
[    4.246702] pci_bus 0000:00: root bus resource [bus 00-ff]
[    4.250423] pci 0000:00:01.1: legacy IDE quirk: reg 0x10: [io  0x01f0-0x01f7]
[    4.288976] pci 0000:00:01.1: legacy IDE quirk: reg 0x14: [io  0x03f6]
[    4.312932] pci 0000:00:01.1: legacy IDE quirk: reg 0x18: [io  0x0170-0x0177]
[    4.326001] pci 0000:00:01.1: legacy IDE quirk: reg 0x1c: [io  0x0376]
[    4.364173] pci 0000:00:07.0: quirk: [io  0x4000-0x403f] claimed by PIIX4 ACPI
[    4.377282] pci 0000:00:07.0: quirk: [io  0x4100-0x410f] claimed by PIIX4 SMB
[    4.381626] ACPI: PCI Interrupt Link [LNKA] (IRQs 5 9 10 *11)
[    4.395216] ACPI: PCI Interrupt Link [LNKB] (IRQs 5 9 10 *11)
[    4.526575] ACPI: PCI Interrupt Link [LNKC] (IRQs 5 9 *10 11)
[    4.527877] ACPI: PCI Interrupt Link [LNKD] (IRQs 5 *9 10 11)
[    4.535140] ACPI: Enabled 2 GPEs in block 00 to 07
[    4.536247] vgaarb: setting as boot device: PCI:0000:00:02.0
[    4.537145] vgaarb: device added: PCI:0000:00:02.0,decodes=io+mem,owns=io+mem,locks=none
[    4.538471] vgaarb: loaded
[    4.539233] vgaarb: bridge control possible 0000:00:02.0
[    4.563167] SCSI subsystem initialized
[    4.563910] ACPI: bus type USB registered
[    4.564632] usbcore: registered new interface driver usbfs
[    4.568535] usbcore: registered new interface driver hub
[    4.569489] usbcore: registered new device driver usb
[    4.572586] PCI: Using ACPI for IRQ routing
[    4.594802] NetLabel: Initializing
[    4.606594] NetLabel:  domain hash size = 128
[    4.607328] NetLabel:  protocols = UNLABELED CIPSOv4
[    4.608161] NetLabel:  unlabeled traffic allowed by default
[    4.609237] amd_nb: Cannot enumerate AMD northbridges
[    4.610098] clocksource: Switched to clocksource kvm-clock
[    4.639696] AppArmor: AppArmor Filesystem Enabled
[    4.771046] pnp: PnP ACPI init
[    4.851109] pnp: PnP ACPI: found 3 devices
[    4.859944] clocksource: acpi_pm: mask: 0xffffff max_cycles: 0xffffff, max_idle_ns: 2085701024 ns
[    4.931239] NET: Registered protocol family 2
[    4.937943] TCP established hash table entries: 8192 (order: 4, 65536 bytes)
[    4.951152] TCP bind hash table entries: 8192 (order: 5, 131072 bytes)
[    4.952174] TCP: Hash tables configured (established 8192 bind 8192)
[    4.953181] UDP hash table entries: 512 (order: 2, 16384 bytes)
[    4.968999] UDP-Lite hash table entries: 512 (order: 2, 16384 bytes)
[    4.969999] NET: Registered protocol family 1
[    4.992309] pci 0000:00:00.0: Limiting direct PCI/PCI transfers
[    4.993217] pci 0000:00:01.0: Activating ISA DMA hang workarounds
[    5.000453] Unpacking initramfs...
[    6.500960] Freeing initrd memory: 10788K
[    6.519028] RAPL PMU detected, API unit is 2^-32 Joules, 3 fixed counters 10737418240 ms ovfl timer
[    6.520493] hw unit of domain pp0-core 2^-0 Joules
[    6.535701] hw unit of domain package 2^-0 Joules
[    6.536473] hw unit of domain pp1-gpu 2^-0 Joules
[    6.537288] platform rtc_cmos: registered platform RTC device (no PNP device found)
[    6.538598] Scanning for low memory corruption every 60 seconds
[    6.539835] audit: initializing netlink subsys (disabled)
[    6.540687] audit: type=2000 audit(1513297286.877:1): initialized
[    6.570865] Initialise system trusted keyring
[    6.607489] HugeTLB registered 2 MB page size, pre-allocated 0 pages
[    6.609554] zbud: loaded
[    6.626440] VFS: Disk quotas dquot_6.6.0
[    6.627136] VFS: Dquot-cache hash table entries: 512 (order 0, 4096 bytes)
[    6.628349] squashfs: version 4.0 (2009/01/31) Phillip Lougher
[    6.629445] fuse init (API version 7.23)
[    6.630222] Key type big_key registered
[    6.663241] Allocating IMA MOK and blacklist keyrings.
[    6.675358] Key type asymmetric registered
[    6.676074] Asymmetric key parser 'x509' registered
[    6.678126] Block layer SCSI generic (bsg) driver version 0.4 loaded (major 249)
[    6.679469] io scheduler noop registered
[    6.680149] io scheduler deadline registered (default)
[    6.688038] io scheduler cfq registered
[    6.688797] pci_hotplug: PCI Hot Plug PCI Core version: 0.5
[    6.691028] pciehp: PCI Express Hot Plug Controller Driver version: 0.4
[    6.692127] ACPI: AC Adapter [AC] (on-line)
[    6.692879] input: Power Button as /devices/LNXSYSTM:00/LNXPWRBN:00/input/input0
[    6.696934] ACPI: Power Button [PWRF]
[    6.697657] input: Sleep Button as /devices/LNXSYSTM:00/LNXSLPBN:00/input/input1
[    6.701129] ACPI: Sleep Button [SLPF]
[    6.701960] GHES: HEST is not enabled!
[    6.722916] Serial: 8250/16550 driver, 32 ports, IRQ sharing enabled
[    6.746081] 00:02: ttyS0 at I/O 0x3f8 (irq = 4, base_baud = 115200) is a 16550A
[    6.748297] Linux agpgart interface v0.103
[    6.752310] loop: module loaded
[    6.753323] scsi host0: ata_piix
[    6.776601] scsi host1: ata_piix
[    6.777243] ata1: PATA max UDMA/33 cmd 0x1f0 ctl 0x3f6 bmdma 0xd000 irq 14
[    6.779600] ata2: PATA max UDMA/33 cmd 0x170 ctl 0x376 bmdma 0xd008 irq 15
[    6.841953] libphy: Fixed MDIO Bus: probed
[    6.852064] tun: Universal TUN/TAP device driver, 1.6
[    6.865362] tun: (C) 1999-2004 Max Krasnyansky <maxk@qualcomm.com>
[    6.878510] PPP generic driver version 2.4.2
[    6.879297] ehci_hcd: USB 2.0 'Enhanced' Host Controller (EHCI) Driver
[    6.880280] ehci-pci: EHCI PCI platform driver
[    6.881046] ehci-platform: EHCI generic platform driver
[    6.883338] ohci_hcd: USB 1.1 'Open' Host Controller (OHCI) Driver
[    6.893758] ohci-pci: OHCI PCI platform driver
[    6.894609] ohci-platform: OHCI generic platform driver
[    6.895460] uhci_hcd: USB Universal Host Controller Interface driver
[    6.898490] i8042: PNP: PS/2 Controller [PNP0303:PS2K,PNP0f03:PS2M] at 0x60,0x64 irq 1,12
[    6.900286] serio: i8042 KBD port at 0x60,0x64 irq 1
[    6.901102] serio: i8042 AUX port at 0x60,0x64 irq 12
[    6.902012] mousedev: PS/2 mouse device common for all mice
[    6.924605] input: AT Translated Set 2 keyboard as /devices/platform/i8042/serio0/input/input2
[    6.933328] rtc_cmos rtc_cmos: rtc core: registered rtc_cmos as rtc0
[    6.958793] rtc_cmos rtc_cmos: alarms up to one day, 114 bytes nvram
[    6.959774] i2c /dev entries driver
[    6.960484] device-mapper: uevent: version 1.0.3
[    6.971973] device-mapper: ioctl: 4.34.0-ioctl (2015-10-28) initialised: dm-devel@redhat.com
[    7.011895] ledtrig-cpu: registered to indicate activity on CPUs
[    7.020339] NET: Registered protocol family 10
[    7.108963] NET: Registered protocol family 17
[    7.179435] Key type dns_resolver registered
[    7.182277] microcode: CPU0 sig=0x306a9, pf=0x2, revision=0x19
[    7.183232] microcode: CPU1 sig=0x306a9, pf=0x2, revision=0x19
[    7.295375] microcode: Microcode Update Driver: v2.01 <tigran@aivazian.fsnet.co.uk>, Peter Oruba
[    7.413466] registered taskstats version 1
[    7.473944] Loading compiled-in X.509 certificates
[    7.475333] Loaded X.509 cert 'Build time autogenerated kernel key: 6495e09daeacef0cade9c1ea2246b74b6c79cd53'
[    7.476907] zswap: loaded using pool lzo/zbud
[    7.479006] Key type trusted registered
[    7.481875] Key type encrypted registered
[    7.482595] AppArmor: AppArmor sha1 policy hashing enabled
[    7.491444] ima: No TPM chip found, activating TPM-bypass!
[    7.492321] evm: HMAC attrs: 0x1
[    7.493180]   Magic number: 13:981:354
[    7.493852] input event0: hash matches
[    7.502211] rtc_cmos rtc_cmos: setting system clock to 2017-12-15 00:21:06 UTC (1513297266)
[    7.503719] BIOS EDD facility v0.16 2004-Jun-25, 0 devices found
[    7.504652] EDD information not available.
[    7.506510] Freeing unused kernel memory: 1492K
[    7.639312] Write protecting the kernel read-only data: 14336k
[    7.642511] tsc: Refined TSC clocksource calibration: 3394.142 MHz
[    7.642513] clocksource: tsc: mask: 0xffffffffffffffff max_cycles: 0x30ecb08122a, max_idle_ns: 440795223790 ns
[    7.677222] Freeing unused kernel memory: 1744K
[    7.678240] Freeing unused kernel memory: 108K
Loading, please wait...
starting version[    7.687593] random: systemd-udevd: uninitialized urandom read (16 bytes read, 2 bits of entropy available)
 229
[    7.688007] random: udevadm: uninitialized urandom read (16 bytes read, 2 bits of entropy available)
[    7.688022] random: udevadm: uninitialized urandom read (16 bytes read, 2 bits of entropy available)
[    7.693487] random: udevadm: uninitialized urandom read (16 bytes read, 2 bits of entropy available)
[    7.693514] random: udevadm: uninitialized urandom read (16 bytes read, 2 bits of entropy available)
[    7.693600] random: udevadm: uninitialized urandom read (16 bytes read, 2 bits of entropy available)
[    7.693635] random: udevadm: uninitialized urandom read (16 bytes read, 2 bits of entropy available)
[    7.693668] random: udevadm: uninitialized urandom read (16 bytes read, 2 bits of entropy available)
[    7.693702] random: udevadm: uninitialized urandom read (16 bytes read, 2 bits of entropy available)
[    7.693737] random: udevadm: uninitialized urandom read (16 bytes read, 2 bits of entropy available)
[    7.823074] e1000: Intel(R) PRO/1000 Network Driver - version 7.3.21-k8-NAPI
[    7.846484] e1000: Copyright (c) 1999-2006 Intel Corporation.
[    7.849770] Fusion MPT base driver 3.04.20
[    7.850512] Copyright (c) 1999-2008 LSI Corporation
[    7.855865] Fusion MPT SPI Host driver 3.04.20
[    7.869394] AVX version of gcm_enc/dec engaged.
[    7.879100] AES CTR mode by8 optimization enabled
[    8.055263] input: ImExPS/2 Generic Explorer Mouse as /devices/platform/i8042/serio1/input/input4
[    8.202197] e1000 0000:00:03.0 eth0: (PCI:33MHz:32-bit) 02:63:8e:2c:ef:cd
[    8.204623] e1000 0000:00:03.0 eth0: Intel(R) PRO/1000 Network Connection
[    8.212397] mptbase: ioc0: Initiating bringup
[    8.212738] e1000 0000:00:03.0 enp0s3: renamed from eth0
[    8.282466] ioc0: LSI53C1030 A0: Capabilities={Initiator}
[    8.476904] scsi host2: ioc0: LSI53C1030 A0, FwRev=00000000h, Ports=1, MaxQ=256, IRQ=20
[    8.595344] scsi 2:0:0:0: Direct-Access     VBOX     HARDDISK         1.0  PQ: 0 ANSI: 5
[    8.683259] scsi target2:0:0: Beginning Domain Validation
[    8.685007] scsi target2:0:0: Domain Validation skipping write tests
[    8.826611] scsi target2:0:0: Ending Domain Validation
[    8.827501] scsi target2:0:0: asynchronous
[    8.852282] scsi 2:0:1:0: Direct-Access     VBOX     HARDDISK         1.0  PQ: 0 ANSI: 5
[    8.883199] scsi target2:0:1: Beginning Domain Validation
[    8.915455] scsi target2:0:1: Domain Validation skipping write tests
[    9.060051] scsi target2:0:1: Ending Domain Validation
[    9.061012] scsi target2:0:1: asynchronous
[    9.066179] sd 2:0:0:0: [sda] 20971520 512-byte logical blocks: (10.7 GB/10.0 GiB)
[    9.066264] sd 2:0:0:0: Attached scsi generic sg0 type 0
[    9.066602] sd 2:0:1:0: [sdb] 20480 512-byte logical blocks: (10.5 MB/10.0 MiB)
[    9.066707] sd 2:0:1:0: [sdb] Write Protect is off
[    9.066808] sd 2:0:1:0: [sdb] Incomplete mode parameter data
[    9.066809] sd 2:0:1:0: [sdb] Assuming drive cache: write through
[    9.067282] sd 2:0:1:0: Attached scsi generic sg1 type 0
[    9.093342] sd 2:0:0:0: [sda] Write Protect is off
[    9.094281] sd 2:0:0:0: [sda] Incomplete mode parameter data
[    9.094804] sd 2:0:1:0: [sdb] Attached SCSI disk
[    9.097673] sd 2:0:0:0: [sda] Assuming drive cache: write through
[    9.135339]  sda: sda1
[    9.168109] sd 2:0:0:0: [sda] Attached SCSI disk
[   10.854711] floppy0: no floppy controllers found
Begin: Loading e[   12.271516] md: linear personality registered for level -1
ssential drivers[   12.391939] md: multipath personality registered for level -4
 ... [   12.418065] md: raid0 personality registered for level 0
[   12.433910] md: raid1 personality registered for level 1
[   12.510579] raid6: sse2x1   gen()  9519 MB/s
[   12.610149] raid6: sse2x1   xor()  7593 MB/s
[   12.690654] raid6: sse2x2   gen() 12194 MB/s
[   12.770103] raid6: sse2x2   xor()  8409 MB/s
[   12.842137] raid6: sse2x4   gen() 14357 MB/s
[   12.922129] raid6: sse2x4   xor() 10510 MB/s
[   12.988654] raid6: using algorithm sse2x4 gen() 14357 MB/s
[   12.996495] raid6: .... xor() 10510 MB/s, rmw enabled
[   13.014720] raid6: using ssse3x2 recovery algorithm
[   13.021762] xor: automatically using best checksumming function:
[   13.086173]    avx       : 22344.000 MB/sec
[   13.091066] async_tx: api initialized (async)
[   13.105411] md: raid6 personality registered for level 6
[   13.112004] md: raid5 personality registered for level 5
[   13.112865] md: raid4 personality registered for level 4
[   13.132892] md: raid10 personality registered for level 10
done.
Begin: Running /scripts/init-premount ... done.
Begin: Mounting root file system ... Begin: Running /scripts/lo[   13.201001] Btrfs loaded
cal-top ... done.
Begin: Running /scripts/local-premount ... Scanning for Btrfs filesystems
done.
Warning: fsck no[   13.449859] EXT4-fs (sda1): INFO: recovery required on readonly filesystem
t present, so skipping root file system
[   13.485236] EXT4-fs (sda1): write access will be enabled during recovery
[   13.544795] random: nonblocking pool is initialized
[   14.057690] EXT4-fs (sda1): recovery complete
[   14.060842] EXT4-fs (sda1): mounted filesystem with ordered data mode. Opts: (null)
done.
Begin: Running /scripts/local-bottom ... done.
Begin: Running /scripts/init-bottom ... done.
[   19.731162] systemd[1]: systemd 229 running in system mode. (+PAM +AUDIT +SELINUX +IMA +APPARMOR +SMACK +SYSVINIT +UTMP +LIBCRYPTSETUP +GCRYPT +GNUTLS +ACL +XZ -LZ4 +SECCOMP +BLKID +ELFUTILS +KMOD -IDN)
[   19.925155] systemd[1]: Detected virtualization oracle.
[   19.998949] systemd[1]: Detected architecture x86-64.

Welcome to [1mUbuntu 16.04.3 LTS[0m!

[   20.764104] systemd[1]: Set hostname to <ubuntu-xenial>.
[   24.891581] systemd[1]: Listening on Device-mapper event daemon FIFOs.
[[0;32m  OK  [0m] Listening on Device-mapper event daemon FIFOs.
[   24.910579] systemd[1]: Started Forward Password Requests to Wall Directory Watch.
[[0;32m  OK  [0m] Started Forward Password Requests to Wall Directory Watch.
[   24.979548] systemd[1]: Set up automount Arbitrary Executable File Formats File System Automount Point.
[[0;32m  OK  [0m] Set up automount Arbitrary Executab...ats File System Automount Point.
[   25.080355] systemd[1]: Listening on Journal Socket.
[[0;32m  OK  [0m] Listening on Journal Socket.
[   25.133304] systemd[1]: Created slice System Slice.
[[0;32m  OK  [0m] Created slice System Slice.
[   25.290406] systemd[1]: Starting Create list of required static device nodes for the current kernel...
         Starting Create list of required st... nodes for the current kernel...
[   25.487945] systemd[1]: Created slice User and Session Slice.
[[0;32m  OK  [0m] Created slice User and Session Slice.
[   25.490049] systemd[1]: Listening on LVM2 metadata daemon socket.
[[0;32m  OK  [0m] Listening on LVM2 metadata daemon socket.
[   25.492815] systemd[1]: Starting Monitoring of LVM2 mirrors, snapshots etc. using dmeventd or progress polling...
         Starting Monitoring of LVM2 mirrors... dmeventd or progress polling...
[   25.523157] systemd[1]: Listening on udev Kernel Socket.
[[0;32m  OK  [0m] Listening on udev Kernel Socket.
[   25.525162] systemd[1]: Reached target User and Group Name Lookups.
[[0;32m  OK  [0m] Reached target User and Group Name Lookups.
[   25.541319] systemd[1]: Starting Set console keymap...
         Starting Set console keymap...
[   25.543522] systemd[1]: Mounting Huge Pages File System...
         Mounting Huge Pages File System...
[   25.545380] systemd[1]: Listening on udev Control Socket.
[[0;32m  OK  [0m] Listening on udev Control Socket.
[   25.613078] systemd[1]: Listening on Journal Socket (/dev/log).
[[0;32m  OK  [0m] Listening on Journal Socket (/dev/log).
[   25.650318] systemd[1]: Mounting Debug File System...
         Mounting Debug File System...
[   25.693316] systemd[1]: Listening on Syslog Socket.
[[0;32m  OK  [0m] Listening on Syslog Socket.
[   25.774558] systemd[1]: Starting Load Kernel Modules...
         Starting Load Kernel Modules...
[   25.940850] systemd[1]: Listening on /dev/initctl Compatibility Named Pipe.
[[0;32m  OK  [0m] Listening on /dev/initctl Compatibility Named Pipe.
[   26.038178] systemd[1]: Created slice system-serial\x2dgetty.slice.
[[0;32m  OK  [0m] Created slice system-serial\x2dgetty.slice.
[   26.150668] systemd[1]: Starting Uncomplicated firewall...
         Starting Uncomplicated firewall...
[   26.342146] systemd[1]: Reached target Swap.
[[0;32m  OK  [0m] Reached targe[   26.391214] Loading iSCSI transport class v2.0-870.
t Swap.
[   26.442246] systemd[1]: Reached target Encrypted Volumes.
[[0;32m  OK  [0m] Reached target Encrypted Volumes.
[   26.450564] systemd[1]: Listening on LVM2 poll daemon socket.
[[0;32m  OK  [0m] Listening on LVM2 poll daemon socket.
[   26.544090] systemd[1]: Reached target Slices.
[[0;32m  OK  [0m] Reached target Slices.
[   26.702692] systemd[1]: Started Trigger resolvconf update for networkd DNS.
[[0;32m  OK  [0m] Started Trigger resolvconf update for networkd DNS.
[   26.802591] systemd[1]: Starting Nameserver information manager...
         Starting Nameserver information manager[   26.838009] iscsi: registered transport (tcp)
...
[   26.970168] systemd[1]: Mounting POSIX Message Queue File System...
         Mounting POSIX Message Queue File System...
[   26.972321] systemd[1]: Starting Remount Root and Kernel File Systems...
         Starting Remount Root and Kernel File Systems...
[   26.980683] systemd[1]: Listening on Journal Audit Socket.
[[0;32m  OK  [0m] Listening on Journal Audit Socket.
[   26.982764] systemd[1]: Starting Journal Service...
         Starting Journal Service...
[   26.985194] systemd[1]: Mounted POSIX Message Queue File System.
[[0;32m  OK  [0m] Mounted POSIX Message Queue File System.
[   26.987017] systemd[1]: Mounted Debug File System.
[[0;32m  OK  [0m] Mounted Debug File System.
[   26.988577] systemd[1]: Mounted Huge Pages File System.
[[0;32m  OK  [0m] Mounted Huge Pages File System.
[   26.996613] systemd[1]: Started Create list of required static device nodes for the current kernel.
[[0;32m  OK  [0m] Started Create list of required sta...ce nodes for the current kernel.
[   27.092499] systemd[1]: Started Set console keymap.
[[0;32m  OK  [0m] Started Set console keymap.
[   27.095787] systemd[1]: Started Uncomplicated firewall.
[[0;32m  OK  [0m] Started Uncomplicated firewall.
[   27.106783] EXT4-fs (sda1): re-mounted. Opts: (null)
[   27.111090] systemd[1]: Started Remount Root and Kernel File Systems.
[[0;32m  OK  [0m] Started Remount Root and Kernel File Systems.
[   27.137628] systemd[1]: Started LVM2 metadata daemon.
[[0;32m  OK  [0m] Started LVM2 metadata daemon.
[   27.202612] systemd[1]: Starting Initial cloud-init job (pre-networking)...
         Starting Initial cloud-init job (pre-networking)...
[   27.378763] systemd[1]: Starting udev Coldplug all Devices...
         Starting udev Coldplug all Devic[   27.527632] iscsi: registered transport (iser)
es...
[   27.578246] systemd[1]: Starting Load/Save Random Seed...
         Starting Load/Save Random Seed...
[   27.596686] systemd[1]: Starting Create Static Device Nodes in /dev...
         Starting Create Static Device Nodes in /dev...
[   27.603599] systemd[1]: Started Load Kernel Modules.
[[0;32m  OK  [0m] Started Load Kernel Modules.
[   27.606062] systemd[1]: Started Nameserver information manager.
[[0;32m  OK  [0m] Started Nameserver information manager.
[   27.701391] systemd[1]: Started udev Coldplug all Devices.
[[0;32m  OK  [0m] Started udev Coldplug all Devices.
[   27.710229] systemd[1]: Started Journal Service.
[[0;32m  OK  [0m] Started Journal Service.
[[0;32m  OK  [0m] Started Load/Save Random Seed.
         Starting Flush Journal to Persistent Storage...
         Starting Apply Kernel Variables...
         Mounting FUSE Control File System...
[[0;32m  OK  [0m] Mounted FUSE Control File System.
[   27.877211] systemd-journald[409]: Received request to flush runtime journal from PID 1
[[0;32m  OK  [0m] Started Apply Kernel Variables.
[[0;32m  OK  [0m] Started Flush Journal to Persistent Storage.
[[0;32m  OK  [0m] Started Monitoring of LVM2 mirrors,...ng dmeventd or progress polling.
[[0;32m  OK  [0m] Started Create Static Device Nodes in /dev.
         Starting udev Kernel Device Manager...
[[0;32m  OK  [0m] Started udev Kernel Device Manager.
[[0;32m  OK  [0m] Reached target Local File Systems (Pre).
[[0;32m  OK  [0m] Reached target Local File Systems.
         Starting Tell Plymouth To Write Out Runtime Data...
         Starting LSB: AppArmor initialization...
         Starting Create Volatile Files and Directories...
         Starting Set console font and keymap...
[[0;32m  OK  [0m] Started Dispatch Password Requests to Console Directory Watch.
[[0;32m  OK  [0m] Started Tell Plymouth To Write Out Runtime Data.
[[0;32m  OK  [0m] Found device /dev/ttyS0.
[[0;32m  OK  [0m] Started Create Volatile Files and Directories.
         Starting Update UTMP about System Boot/Shutdown...
[[0;32m  OK  [0m] Reached target System Time Synchronized.
[[0;32m  OK  [0m] Started Update UTMP about System Boot/Shutdown.
[[0;32m  OK  [0m] Found device 82540EM Gigabit Ethern...r (PRO/1000 MT Desktop Adapter).
[[0;32m  OK  [0m] Started Set console font and keymap.
[[0;32m  OK  [0m] Created slice system-getty.slice.
[[0;32m  OK  [0m] Listening on Load/Save RF Kill Switch Status /dev/rfkill Watch.
[[0;32m  OK  [0m] Started LSB: AppArmor initialization.
[   37.430010] cloud-init[425]: Cloud-init v. 17.1 running 'init-local' at Fri, 15 Dec 2017 00:21:37 +0000. Up 34.07 seconds.
[[0;32m  OK  [0m] Started Initial cloud-init job (pre-networking).
[[0;32m  OK  [0m] Reached target Network (Pre).
         Starting Raise network interfaces...
[[0;32m  OK  [0m] Started ifup for enp0s3.
[[0;32m  OK  [0m] Started Raise network interfaces.
[[0;32m  OK  [0m] Reached target Network.
         Starting Initial cloud-init job (metadata service crawler)...
[   43.089395] cloud-init[978]: Cloud-init v. 17.1 running 'init' at Fri, 15 Dec 2017 00:21:42 +0000. Up 39.53 seconds.
[   43.120325] cloud-init[978]: ci-info: +++++++++++++++++++++++++++++++++++++Net device info++++++++++++++++++++++++++++++++++++++
[   43.148894] cloud-init[978]: ci-info: +--------+------+----------------------------+---------------+-------+-------------------+
[[0;32m  OK  [0m] Started Initial cloud-init job (metadata service crawler).
[   43.149117] cloud-init[978]: ci-info: | Device |  Up  |          Address           |      Mask     | Scope |     Hw-Address    |
[   43.192662] cloud-init[978]: ci-info: +--------+------+----------------------------+---------------+-------+-------------------+
[   43.192922] cloud-init[978]: ci-info: | enp0s3 | True |         10.0.2.15          | 255.255.255.0 |   .   | 02:63:8e:2c:ef:cd |
[[0;32m  OK  [0m] Reached target System Initialization.
[   43.193030] cloud-init[978]: ci-info: | enp0s3 | True | fe80::63:8eff:fe2c:efcd/64 |       .       |  link | 02:63:8e:2c:ef:cd |
[   43.249004] cloud-init[978]: ci-info: |   lo   | True |         127.0.0.1          |   255.0.0.0   |   .   |         .         |
[   43.249089] cloud-init[978]: ci-info: |   lo   | True |          ::1/128           |       .       |  host |         .         |
[   43.249211] cloud-init[978]: ci-info: +--------+------+----------------------------+---------------+-------+-------------------+
[   43.249334] cloud-init[978]: ci-info: +++++++++++++++++++++++++++Route IPv4 info++++++++++++++++++++++++++++
[[0;32m  OK  [0m] Listening on D-Bus System Message Bus Socket.
[[   43.249466] cloud-init[978]: ci-info: +-------+-------------+----------+---------------+-----------+-------+
[   43.335756] cloud-init[978]: ci-info: | Route | Destination | Gateway  |    Genmask    | Interface | Flags |
[   43.335987] cloud-init[978]: ci-info: +-------+-------------+----------+---------------+-----------+-------+
[0;32m  OK  [0m] Started Daily Cleanup of Temporary Directories.
[   43.336669] cloud-init[978]: ci-info: |   0   |   0.0.0.0   | 10.0.2.2 |    0.0.0.0    |   enp0s3  |   UG  |
[   43.564982] cloud-init[978]: ci-info: |   1   |   10.0.2.0  | 0.0.0.0  | 255.255.255.0 |   enp0s3  |   U   |
[   43.565215] cloud-init[978]: ci-info: +-------+-------------+----------+---------------+-----------+-------+
[[0;32m  OK  [0m] Started ACPI Events Check.
[[0;32m  OK  [0m] Reached target Paths.
         Starting LXD - unix socket.
[[0;32m  OK  [0m] Listening on UUID daemon activation socket.
[[0;32m  OK  [0m] Listening on ACPID Listen Socket.
[[0;32m  OK  [0m] Started Timer to automatically refresh installed snaps.
         Starting Socket activation for snappy daemon.
[[0;32m  OK  [0m] Reached target Cloud-config availability.
[[0;32m  OK  [0m] Reached target Network is Online.
         Starting iSCSI initiator daemon (iscsid)...
[[0;32m  OK  [0m] Started Daily apt download activities.
[[0;32m  OK  [0m] Started Daily apt upgrade and clean activities.
[[0;32m  OK  [0m] Reached target Timers.
[[0;32m  OK  [0m] Listening on LXD - unix socket.
[[0;32m  OK  [0m] Listening on Socket activation for snappy daemon.
[[0;32m  OK  [0m] Reached target Sockets.
[[0;32m  OK  [0m] Reached target Basic System.
[[0;32m  OK  [0m] Started Regular background program processing daemon.
         Starting /etc/rc.local Compatibility...
[[0;32m  OK  [0m] Started Unattended Upgrades Shutdown.
         Starting OpenBSD Secure Shell server...
         Starting Login Service...
         Starting Accounts Service...
[[0;32m  OK  [0m] Started Deferred execution scheduler.
         Starting LSB: Record successful boot for GRUB...
         Starting Snappy daemon...
         Starting System Logging Service...
         Starting LSB: MD monitoring daemon...
[[0;32m  OK  [0m] Started FUSE filesystem for LXC.
[[0;32m  OK  [0m] Started D-Bus System Message Bus.
         Starting Apply the settings specified in cloud-config...
[[0;32m  OK  [0m] Started ACPI event daemon.
         Starting LXD - container startup/shutdown...
[[0;32m  OK  [0m] Started System Logging Service.
[[0;32m  OK  [0m] Started OpenBSD Secure Shell server.
[[0;32m  OK  [0m] Started /etc/rc.local Compatibility.
[[0;32m  OK  [0m] Started Login Service.
[[0;32m  OK  [0m] Started iSCSI initiator daemon (iscsid).
         Starting Login to default iSCSI targets...
[[0;32m  OK  [0m] Started LSB: Record successful boot for GRUB.
[[0;32m  OK  [0m] Started LSB: MD monitoring daemon.
[[0;32m  OK  [0m] Started Login to default iSCSI targets.
[[0;32m  OK  [0m] Reached target Remote File Systems (Pre).
[[0;32m  OK  [0m] Reached target Remote File Systems.
[   46.412135] cloud-init[1069]: Cloud-init v. 17.1 running 'modules:config' at Fri, 15 Dec 2017 00:21:49 +0000. Up 45.77 seconds.
         Starting LSB: automatic crash report generation...
         Starting LSB: VirtualBox Linux Additions...
         Starting LSB: Set the CPU Frequency Scaling governor to "ondemand"...
         Starting Permit User Sessions...
         Starting LSB: daemon to balance interrupts for SMP systems...
         Starting Authenticate and Authorize Users to Run Privileged Tasks...
[[0;32m  OK  [0m] Started Apply the settings specified in cloud-config.
[[0;32m  OK  [0m] Started LSB: Set the CPU Frequency Scaling governor to "ondemand".
[[0;32m  OK  [0m] Started Permit User Sessions.
         Starting Hold until boot process finishes up...
         Starting Terminate Plymouth Boot Screen...
[[0;32m  OK  [0m] Started Hold until boot process finishes up.
[[0;32m  OK  [0m] Started Terminate Plymouth Boot Screen.
[[0;32m  OK  [0m] Started Getty on tty1.
         Starting Set console scheme...
[[0;32m  OK  [0m] Started Serial Getty on ttyS0.
[[0;32m  OK  [0m] Reached target Login Prompts.
[[0;32m  OK  [0m] Started Set console scheme.
[[0;32m  OK  [0m] Started LSB: daemon to balance interrupts for SMP systems.
[[0;32m  OK  [0m] Started LSB: automatic crash report generation.
[[0;32m  OK  [0m] Started Authenticate and Authorize Users to Run Privileged Tasks.
[[0;32m  OK  [0m] Started Accounts Service.
[[0;32m  OK  [0m] Started LSB: VirtualBox Linux Additions.
[[0;32m  OK  [0m] Started Snappy daemon.
[[0;32m  OK  [0m] Created slice User Slice of ubuntu.
         Starting User Manager for UID 1000...
[[0;32m  OK  [0m] Started Session 1 of user ubuntu.
[[0;32m  OK  [0m] Started LXD - container startup/shutdown.
[[0;32m  OK  [0m] Reached target Multi-User System.
[[0;32m  OK  [0m] Reached target Graphical Interface.
         Starting Update UTMP about System Runlevel Changes...
         Starting Execute cloud user/final scripts...
[[0;32m  OK  [0m] Started User Manager for UID 1000.
[[0;32m  OK  [0m] Started Update UTMP about System Runlevel Changes.
[   51.240461] cloud-init[1214]: Cloud-init v. 17.1 running 'modules:final' at Fri, 15 Dec 2017 00:21:53 +0000. Up 50.72 seconds.
[   51.243990] cloud-init[1214]: Cloud-init v. 17.1 finished at Fri, 15 Dec 2017 00:21:54 +0000. Datasource DataSourceNoCloud [seed=/dev/sdb][dsmode=net].  Up 51.23 seconds
[[0;32m  OK  [0m] Started Execute cloud user/final scripts.
         Starting Daily apt download activities...
[[0;32m  OK  [0m] Reached target Cloud-init target.

Ubuntu 16.04.3 LTS ubuntu-xenial ttyS0

ubuntu-xenial login: 